<?xml version="1.0" encoding="UTF-8"?>
<testng-results ignored="0" total="3" passed="3" failed="0" skipped="0">
  <reporter-output>
  </reporter-output>
  <suite started-at="2025-09-13T22:03:55 IST" name="Suite" finished-at="2025-09-13T22:04:56 IST" duration-ms="61230">
    <groups>
    </groups>
    <test started-at="2025-09-13T22:03:55 IST" name="ChromeTest" finished-at="2025-09-13T22:04:14 IST" duration-ms="18918">
      <class name="SeleniumGrid.testingBrowser">
        <test-method signature="CrossTesting(java.lang.String)[pri:0, instance:SeleniumGrid.testingBrowser@7f0eb4b4]" started-at="2025-09-13T22:03:55 IST" name="CrossTesting" finished-at="2025-09-13T22:04:14 IST" duration-ms="18653" status="PASS">
          <params>
            <param index="0">
              <value>
                <![CDATA[Chrome]]>
              </value>
            </param>
          </params>
          <reporter-output>
          </reporter-output>
        </test-method> <!-- CrossTesting -->
      </class> <!-- SeleniumGrid.testingBrowser -->
    </test> <!-- ChromeTest -->
    <test started-at="2025-09-13T22:03:55 IST" name="EdgeTest" finished-at="2025-09-13T22:04:35 IST" duration-ms="39364">
      <class name="SeleniumGrid.testingBrowser">
        <test-method signature="CrossTesting(java.lang.String)[pri:0, instance:SeleniumGrid.testingBrowser@62379589]" started-at="2025-09-13T22:03:55 IST" name="CrossTesting" finished-at="2025-09-13T22:04:35 IST" duration-ms="39106" status="PASS">
          <params>
            <param index="0">
              <value>
                <![CDATA[Edge]]>
              </value>
            </param>
          </params>
          <reporter-output>
          </reporter-output>
        </test-method> <!-- CrossTesting -->
      </class> <!-- SeleniumGrid.testingBrowser -->
    </test> <!-- EdgeTest -->
    <test started-at="2025-09-13T22:03:55 IST" name="FirefoxTest" finished-at="2025-09-13T22:04:56 IST" duration-ms="61230">
      <class name="SeleniumGrid.testingBrowser">
        <test-method signature="CrossTesting(java.lang.String)[pri:0, instance:SeleniumGrid.testingBrowser@13c9d689]" started-at="2025-09-13T22:03:55 IST" name="CrossTesting" finished-at="2025-09-13T22:04:56 IST" duration-ms="60970" status="PASS">
          <params>
            <param index="0">
              <value>
                <![CDATA[Firefox]]>
              </value>
            </param>
          </params>
          <reporter-output>
          </reporter-output>
        </test-method> <!-- CrossTesting -->
      </class> <!-- SeleniumGrid.testingBrowser -->
    </test> <!-- FirefoxTest -->
  </suite> <!-- Suite -->
</testng-results>
