<?xml version="1.0" encoding="UTF-8"?>
<testng-results ignored="0" total="3" passed="3" failed="0" skipped="0">
  <reporter-output>
  </reporter-output>
  <suite started-at="2025-09-14T09:09:19 IST" name="Suite" finished-at="2025-09-14T09:11:26 IST" duration-ms="127231">
    <groups>
    </groups>
    <test started-at="2025-09-14T09:09:19 IST" name="EdgeTest" finished-at="2025-09-14T09:11:13 IST" duration-ms="113790">
      <class name="SeleniumGrid.testingBrowser">
        <test-method signature="CrossTesting(java.lang.String)[pri:0, instance:SeleniumGrid.testingBrowser@5bf0d49]" started-at="2025-09-14T09:09:19 IST" name="CrossTesting" finished-at="2025-09-14T09:11:13 IST" duration-ms="113545" status="PASS">
          <params>
            <param index="0">
              <value>
                <![CDATA[Edge]]>
              </value>
            </param>
          </params>
          <reporter-output>
          </reporter-output>
        </test-method> <!-- CrossTesting -->
      </class> <!-- SeleniumGrid.testingBrowser -->
    </test> <!-- EdgeTest -->
    <test started-at="2025-09-14T09:09:19 IST" name="ChromeTest" finished-at="2025-09-14T09:11:18 IST" duration-ms="118787">
      <class name="SeleniumGrid.testingBrowser">
        <test-method signature="CrossTesting(java.lang.String)[pri:0, instance:SeleniumGrid.testingBrowser@c8c12ac]" started-at="2025-09-14T09:09:19 IST" name="CrossTesting" finished-at="2025-09-14T09:11:18 IST" duration-ms="118554" status="PASS">
          <params>
            <param index="0">
              <value>
                <![CDATA[Chrome]]>
              </value>
            </param>
          </params>
          <reporter-output>
          </reporter-output>
        </test-method> <!-- CrossTesting -->
      </class> <!-- SeleniumGrid.testingBrowser -->
    </test> <!-- ChromeTest -->
    <test started-at="2025-09-14T09:09:19 IST" name="FirefoxTest" finished-at="2025-09-14T09:11:26 IST" duration-ms="127231">
      <class name="SeleniumGrid.testingBrowser">
        <test-method signature="CrossTesting(java.lang.String)[pri:0, instance:SeleniumGrid.testingBrowser@4afcd809]" started-at="2025-09-14T09:09:19 IST" name="CrossTesting" finished-at="2025-09-14T09:11:26 IST" duration-ms="126998" status="PASS">
          <params>
            <param index="0">
              <value>
                <![CDATA[Firefox]]>
              </value>
            </param>
          </params>
          <reporter-output>
          </reporter-output>
        </test-method> <!-- CrossTesting -->
      </class> <!-- SeleniumGrid.testingBrowser -->
    </test> <!-- FirefoxTest -->
  </suite> <!-- Suite -->
</testng-results>
